{"uid":"8dbe1c0d4053d502","name":"incorrectEmailFormat","fullName":"tests.login.LoginTest.incorrectEmailFormat","historyId":"5df65418890bb0fe4c47670e3718f044","time":{"start":1715976418075,"stop":1715976418308,"duration":233},"description":"Attempting to log in using an incorrect email format","descriptionHtml":"<p>Attempting to log in using an incorrect email format</p>\n","status":"failed","statusMessage":"No validation message did not expect [] but found []","statusTrace":"java.lang.AssertionError: No validation message did not expect [] but found []\n\tat org.testng.Assert.fail(Assert.java:111)\n\tat org.testng.Assert.failEquals(Assert.java:1582)\n\tat org.testng.Assert.assertNotEqualsImpl(Assert.java:157)\n\tat org.testng.Assert.assertNotEquals(Assert.java:2198)\n\tat tests.login.LoginTest.incorrectEmailFormat(LoginTest.java:49)\n\tat java.base/jdk.internal.reflect.NativeMethodAccessorImpl.invoke0(Native Method)\n\tat java.base/jdk.internal.reflect.NativeMethodAccessorImpl.invoke(NativeMethodAccessorImpl.java:77)\n\tat java.base/jdk.internal.reflect.DelegatingMethodAccessorImpl.invoke(DelegatingMethodAccessorImpl.java:43)\n\tat java.base/java.lang.reflect.Method.invoke(Method.java:568)\n\tat org.testng.internal.invokers.MethodInvocationHelper.invokeMethod(MethodInvocationHelper.java:139)\n\tat org.testng.internal.invokers.TestInvoker.invokeMethod(TestInvoker.java:664)\n\tat org.testng.internal.invokers.TestInvoker.invokeTestMethod(TestInvoker.java:227)\n\tat org.testng.internal.invokers.MethodRunner.runInSequence(MethodRunner.java:50)\n\tat org.testng.internal.invokers.TestInvoker$MethodInvocationAgent.invoke(TestInvoker.java:957)\n\tat org.testng.internal.invokers.TestInvoker.invokeTestMethods(TestInvoker.java:200)\n\tat org.testng.internal.invokers.TestMethodWorker.invokeTestMethods(TestMethodWorker.java:148)\n\tat org.testng.internal.invokers.TestMethodWorker.run(TestMethodWorker.java:128)\n\tat java.base/java.util.ArrayList.forEach(ArrayList.java:1511)\n\tat org.testng.TestRunner.privateRun(TestRunner.java:848)\n\tat org.testng.TestRunner.run(TestRunner.java:621)\n\tat org.testng.SuiteRunner.runTest(SuiteRunner.java:443)\n\tat org.testng.SuiteRunner.runSequentially(SuiteRunner.java:437)\n\tat org.testng.SuiteRunner.privateRun(SuiteRunner.java:397)\n\tat org.testng.SuiteRunner.run(SuiteRunner.java:336)\n\tat org.testng.SuiteRunnerWorker.runSuite(SuiteRunnerWorker.java:52)\n\tat org.testng.SuiteRunnerWorker.run(SuiteRunnerWorker.java:95)\n\tat org.testng.TestNG.runSuitesSequentially(TestNG.java:1280)\n\tat org.testng.TestNG.runSuitesSequentially(TestNG.java:1275)\n\tat org.testng.TestNG.runSuitesLocally(TestNG.java:1200)\n\tat org.testng.TestNG.runSuites(TestNG.java:1114)\n\tat org.testng.TestNG.run(TestNG.java:1082)\n\tat org.apache.maven.surefire.testng.TestNGExecutor.run(TestNGExecutor.java:178)\n\tat org.apache.maven.surefire.testng.TestNGXmlTestSuite.execute(TestNGXmlTestSuite.java:92)\n\tat org.apache.maven.surefire.testng.TestNGProvider.invoke(TestNGProvider.java:96)\n\tat java.base/jdk.internal.reflect.NativeMethodAccessorImpl.invoke0(Native Method)\n\tat java.base/jdk.internal.reflect.NativeMethodAccessorImpl.invoke(NativeMethodAccessorImpl.java:77)\n\tat java.base/jdk.internal.reflect.DelegatingMethodAccessorImpl.invoke(DelegatingMethodAccessorImpl.java:43)\n\tat java.base/java.lang.reflect.Method.invoke(Method.java:568)\n\tat org.apache.maven.surefire.util.ReflectionUtils.invokeMethodWithArray(ReflectionUtils.java:189)\n\tat org.apache.maven.surefire.booter.ProviderFactory$ProviderProxy.invoke(ProviderFactory.java:165)\n\tat org.apache.maven.surefire.booter.ProviderFactory.invokeProvider(ProviderFactory.java:85)\n\tat org.apache.maven.surefire.booter.ForkedBooter.runSuitesInProcess(ForkedBooter.java:115)\n\tat org.apache.maven.surefire.booter.ForkedBooter.main(ForkedBooter.java:75)\n","flaky":false,"newFailed":false,"newBroken":false,"newPassed":false,"retriesCount":0,"retriesStatusChange":false,"beforeStages":[{"name":"loadTestData","time":{"start":1715976404877,"stop":1715976404878,"duration":1},"description":"","status":"passed","steps":[],"attachments":[],"parameters":[],"shouldDisplayMessage":false,"stepsCount":0,"attachmentsCount":0,"hasContent":false},{"name":"launch","time":{"start":1715976413824,"stop":1715976417410,"duration":3586},"description":"","status":"passed","steps":[],"attachments":[],"parameters":[],"shouldDisplayMessage":false,"stepsCount":0,"attachmentsCount":0,"hasContent":false},{"name":"prepare","time":{"start":1715976417410,"stop":1715976418074,"duration":664},"description":"","status":"passed","steps":[],"attachments":[],"parameters":[],"shouldDisplayMessage":false,"stepsCount":0,"attachmentsCount":0,"hasContent":false}],"testStage":{"description":"Attempting to log in using an incorrect email format","status":"failed","statusMessage":"No validation message did not expect [] but found []","statusTrace":"java.lang.AssertionError: No validation message did not expect [] but found []\n\tat org.testng.Assert.fail(Assert.java:111)\n\tat org.testng.Assert.failEquals(Assert.java:1582)\n\tat org.testng.Assert.assertNotEqualsImpl(Assert.java:157)\n\tat org.testng.Assert.assertNotEquals(Assert.java:2198)\n\tat tests.login.LoginTest.incorrectEmailFormat(LoginTest.java:49)\n\tat java.base/jdk.internal.reflect.NativeMethodAccessorImpl.invoke0(Native Method)\n\tat java.base/jdk.internal.reflect.NativeMethodAccessorImpl.invoke(NativeMethodAccessorImpl.java:77)\n\tat java.base/jdk.internal.reflect.DelegatingMethodAccessorImpl.invoke(DelegatingMethodAccessorImpl.java:43)\n\tat java.base/java.lang.reflect.Method.invoke(Method.java:568)\n\tat org.testng.internal.invokers.MethodInvocationHelper.invokeMethod(MethodInvocationHelper.java:139)\n\tat org.testng.internal.invokers.TestInvoker.invokeMethod(TestInvoker.java:664)\n\tat org.testng.internal.invokers.TestInvoker.invokeTestMethod(TestInvoker.java:227)\n\tat org.testng.internal.invokers.MethodRunner.runInSequence(MethodRunner.java:50)\n\tat org.testng.internal.invokers.TestInvoker$MethodInvocationAgent.invoke(TestInvoker.java:957)\n\tat org.testng.internal.invokers.TestInvoker.invokeTestMethods(TestInvoker.java:200)\n\tat org.testng.internal.invokers.TestMethodWorker.invokeTestMethods(TestMethodWorker.java:148)\n\tat org.testng.internal.invokers.TestMethodWorker.run(TestMethodWorker.java:128)\n\tat java.base/java.util.ArrayList.forEach(ArrayList.java:1511)\n\tat org.testng.TestRunner.privateRun(TestRunner.java:848)\n\tat org.testng.TestRunner.run(TestRunner.java:621)\n\tat org.testng.SuiteRunner.runTest(SuiteRunner.java:443)\n\tat org.testng.SuiteRunner.runSequentially(SuiteRunner.java:437)\n\tat org.testng.SuiteRunner.privateRun(SuiteRunner.java:397)\n\tat org.testng.SuiteRunner.run(SuiteRunner.java:336)\n\tat org.testng.SuiteRunnerWorker.runSuite(SuiteRunnerWorker.java:52)\n\tat org.testng.SuiteRunnerWorker.run(SuiteRunnerWorker.java:95)\n\tat org.testng.TestNG.runSuitesSequentially(TestNG.java:1280)\n\tat org.testng.TestNG.runSuitesSequentially(TestNG.java:1275)\n\tat org.testng.TestNG.runSuitesLocally(TestNG.java:1200)\n\tat org.testng.TestNG.runSuites(TestNG.java:1114)\n\tat org.testng.TestNG.run(TestNG.java:1082)\n\tat org.apache.maven.surefire.testng.TestNGExecutor.run(TestNGExecutor.java:178)\n\tat org.apache.maven.surefire.testng.TestNGXmlTestSuite.execute(TestNGXmlTestSuite.java:92)\n\tat org.apache.maven.surefire.testng.TestNGProvider.invoke(TestNGProvider.java:96)\n\tat java.base/jdk.internal.reflect.NativeMethodAccessorImpl.invoke0(Native Method)\n\tat java.base/jdk.internal.reflect.NativeMethodAccessorImpl.invoke(NativeMethodAccessorImpl.java:77)\n\tat java.base/jdk.internal.reflect.DelegatingMethodAccessorImpl.invoke(DelegatingMethodAccessorImpl.java:43)\n\tat java.base/java.lang.reflect.Method.invoke(Method.java:568)\n\tat org.apache.maven.surefire.util.ReflectionUtils.invokeMethodWithArray(ReflectionUtils.java:189)\n\tat org.apache.maven.surefire.booter.ProviderFactory$ProviderProxy.invoke(ProviderFactory.java:165)\n\tat org.apache.maven.surefire.booter.ProviderFactory.invokeProvider(ProviderFactory.java:85)\n\tat org.apache.maven.surefire.booter.ForkedBooter.runSuitesInProcess(ForkedBooter.java:115)\n\tat org.apache.maven.surefire.booter.ForkedBooter.main(ForkedBooter.java:75)\n","steps":[{"name":"Enter an email","time":{"start":1715976418075,"stop":1715976418153,"duration":78},"status":"passed","steps":[],"attachments":[],"parameters":[{"name":"email","value":"email@111.222.333.44444"}],"shouldDisplayMessage":false,"stepsCount":0,"attachmentsCount":0,"hasContent":true},{"name":"Enter a password","time":{"start":1715976418153,"stop":1715976418212,"duration":59},"status":"passed","steps":[],"attachments":[],"parameters":[{"name":"password","value":"pawelek1234"}],"shouldDisplayMessage":false,"stepsCount":0,"attachmentsCount":0,"hasContent":true},{"name":"Click the \"Login\" button","time":{"start":1715976418212,"stop":1715976418295,"duration":83},"status":"passed","steps":[],"attachments":[],"parameters":[],"shouldDisplayMessage":false,"stepsCount":0,"attachmentsCount":0,"hasContent":false}],"attachments":[],"parameters":[],"shouldDisplayMessage":true,"stepsCount":3,"attachmentsCount":0,"hasContent":true},"afterStages":[{"name":"tearDown","time":{"start":1715976418309,"stop":1715976418368,"duration":59},"description":"","status":"passed","steps":[],"attachments":[],"parameters":[],"shouldDisplayMessage":false,"stepsCount":0,"attachmentsCount":0,"hasContent":false}],"labels":[{"name":"package","value":"tests.login.LoginTest"},{"name":"testClass","value":"tests.login.LoginTest"},{"name":"testMethod","value":"incorrectEmailFormat"},{"name":"parentSuite","value":"Login form"},{"name":"suite","value":"Login"},{"name":"subSuite","value":"tests.login.LoginTest"},{"name":"host","value":"fv-az1118-253"},{"name":"thread","value":"4406@fv-az1118-253.main(1)"},{"name":"framework","value":"testng"},{"name":"language","value":"java"},{"name":"owner","value":"Paweł Aksman"},{"name":"tag","value":"Login"},{"name":"tag","value":"Login form"},{"name":"epic","value":"E2E"},{"name":"severity","value":"normal"},{"name":"resultFormat","value":"allure2"}],"parameters":[{"name":"Email","value":"email@111.222.333.44444"},{"name":"Password","value":"pawelek1234"},{"name":"arg0","value":"qa.models.Credentials@5305f936"},{"name":"fileName","value":"MI_Credentials.json"}],"links":[{"name":"Login page","url":"http://demo-store.seleniumacademy.com/customer/account/login/","type":"custom"}],"hidden":false,"retry":false,"extra":{"severity":"normal","owner":"Paweł Aksman","retries":[],"categories":[{"name":"Product defects","matchedStatuses":[],"flaky":false}],"tags":["Login form","Login"]},"source":"8dbe1c0d4053d502.json","parameterValues":["email@111.222.333.44444","pawelek1234","qa.models.Credentials@5305f936","MI_Credentials.json"]}